{
   "game":{
      "id":"063d892f-e9f9-4ae5-8cc2-df1769671654",
      "ruleset":{
         "name":"solo",
         "version":"v1.0.17"
      },
      "timeout":500
   },
   "turn":0,
   "board":{
      "height":11,
      "width":11,
      "snakes":[
         {
            "id":"gs_YC9tgdQbPWwTHYCxqdtqDdcY",
            "qname":"JCS-Test-JS",
            "latency":"",
            "health":100,
            "body":[
               {
                  "x":1,
                  "y":5
               },
               {
                  "x":1,
                  "y":5
               },
               {
                  "x":1,
                  "y":5
               }
            ],
            "head":{
               "x":1,
               "y":5
            },
            "length":3,
            "shout":""
         }
      ],
      "food":[
         {
            "x":2,
            "y":4
         },
         {
            "x":5,
            "y":5
         }
      ],
      "hazards":[
         
      ]
   },
   "you":{
      "id":"gs_YC9tgdQbPWwTHYCxqdtqDdcY",
      "name":"JCS-Test-JS",
      "latency":"",
      "health":100,
      "body":[
         {
            "x":1,
            "y":5
         },
         {
            "x":1,
            "y":5
         },
         {
            "x":1,
            "y":5
         }
      ],
      "head":{
         "x":1,
         "y":5
      },
      "length":3,
      "shout":""
   }
}